<?xml version="1.0" encoding="UTF-8"?>
<testng-results ignored="0" total="5" passed="5" failed="0" skipped="0">
  <reporter-output>
  </reporter-output>
  <suite started-at="2024-05-26T18:45:24 IST" name="Suite" finished-at="2024-05-26T18:45:42 IST" duration-ms="17087">
    <groups>
    </groups>
    <test started-at="2024-05-26T18:45:24 IST" name="Test" finished-at="2024-05-26T18:45:42 IST" duration-ms="17087">
      <class name="home.home">
        <test-method is-config="true" signature="tearSetup()[pri:0, instance:home.home@ba54932]" started-at="2024-05-26T18:45:24 IST" name="tearSetup" finished-at="2024-05-26T18:45:27 IST" duration-ms="2487" status="PASS">
          <reporter-output>
          </reporter-output>
        </test-method> <!-- tearSetup -->
        <test-method signature="f()[pri:0, instance:home.home@ba54932]" started-at="2024-05-26T18:45:27 IST" name="f" finished-at="2024-05-26T18:45:30 IST" duration-ms="2930" status="PASS">
          <reporter-output>
          </reporter-output>
        </test-method> <!-- f -->
        <test-method signature="readExcelData1()[pri:0, instance:home.home@ba54932]" started-at="2024-05-26T18:45:30 IST" name="readExcelData1" finished-at="2024-05-26T18:45:31 IST" duration-ms="712" status="PASS">
          <reporter-output>
          </reporter-output>
        </test-method> <!-- readExcelData1 -->
        <test-method signature="readPropertiesData()[pri:0, instance:home.home@ba54932]" started-at="2024-05-26T18:45:31 IST" name="readPropertiesData" finished-at="2024-05-26T18:45:31 IST" duration-ms="1" status="PASS">
          <reporter-output>
          </reporter-output>
        </test-method> <!-- readPropertiesData -->
        <test-method signature="revertTest()[pri:0, instance:home.home@ba54932]" started-at="2024-05-26T18:45:31 IST" name="revertTest" finished-at="2024-05-26T18:45:33 IST" duration-ms="2087" status="PASS">
          <reporter-output>
          </reporter-output>
        </test-method> <!-- revertTest -->
        <test-method is-config="true" signature="tearDown()[pri:0, instance:home.home@ba54932]" started-at="2024-05-26T18:45:33 IST" name="tearDown" finished-at="2024-05-26T18:45:33 IST" duration-ms="497" status="PASS">
          <reporter-output>
          </reporter-output>
        </test-method> <!-- tearDown -->
      </class> <!-- home.home -->
      <class name="search.SearchTest">
        <test-method is-config="true" signature="tearSetup()[pri:0, instance:search.SearchTest@dd0c991]" started-at="2024-05-26T18:45:33 IST" name="tearSetup" finished-at="2024-05-26T18:45:34 IST" duration-ms="1253" status="PASS">
          <reporter-output>
          </reporter-output>
        </test-method> <!-- tearSetup -->
        <test-method signature="f()[pri:0, instance:search.SearchTest@dd0c991]" started-at="2024-05-26T18:45:34 IST" name="f" finished-at="2024-05-26T18:45:41 IST" duration-ms="6645" status="PASS">
          <reporter-output>
          </reporter-output>
        </test-method> <!-- f -->
        <test-method is-config="true" signature="tearDown()[pri:0, instance:search.SearchTest@dd0c991]" started-at="2024-05-26T18:45:41 IST" name="tearDown" finished-at="2024-05-26T18:45:42 IST" duration-ms="438" status="PASS">
          <reporter-output>
          </reporter-output>
        </test-method> <!-- tearDown -->
      </class> <!-- search.SearchTest -->
    </test> <!-- Test -->
  </suite> <!-- Suite -->
</testng-results>
