<?xml version="1.0" encoding="UTF-8"?>
<testng-results ignored="0" total="3" passed="3" failed="0" skipped="0">
  <reporter-output>
  </reporter-output>
  <suite started-at="2024-05-26T17:47:18 IST" name="Suite" finished-at="2024-05-26T17:47:33 IST" duration-ms="14763">
    <groups>
    </groups>
    <test started-at="2024-05-26T17:47:18 IST" name="Test" finished-at="2024-05-26T17:47:33 IST" duration-ms="14763">
      <class name="home.home">
        <test-method is-config="true" signature="tearSetup()[pri:0, instance:home.home@fd07cbb]" started-at="2024-05-26T17:47:18 IST" name="tearSetup" finished-at="2024-05-26T17:47:20 IST" duration-ms="1860" status="PASS">
          <reporter-output>
          </reporter-output>
        </test-method> <!-- tearSetup -->
        <test-method signature="f()[pri:0, instance:home.home@fd07cbb]" started-at="2024-05-26T17:47:20 IST" name="f" finished-at="2024-05-26T17:47:23 IST" duration-ms="2640" status="PASS">
          <reporter-output>
          </reporter-output>
        </test-method> <!-- f -->
        <test-method signature="revertTest()[pri:0, instance:home.home@fd07cbb]" started-at="2024-05-26T17:47:23 IST" name="revertTest" finished-at="2024-05-26T17:47:25 IST" duration-ms="2127" status="PASS">
          <reporter-output>
          </reporter-output>
        </test-method> <!-- revertTest -->
        <test-method is-config="true" signature="tearDown()[pri:0, instance:home.home@fd07cbb]" started-at="2024-05-26T17:47:25 IST" name="tearDown" finished-at="2024-05-26T17:47:25 IST" duration-ms="393" status="PASS">
          <reporter-output>
          </reporter-output>
        </test-method> <!-- tearDown -->
      </class> <!-- home.home -->
      <class name="search.SearchTest">
        <test-method is-config="true" signature="tearSetup()[pri:0, instance:search.SearchTest@55740540]" started-at="2024-05-26T17:47:25 IST" name="tearSetup" finished-at="2024-05-26T17:47:26 IST" duration-ms="860" status="PASS">
          <reporter-output>
          </reporter-output>
        </test-method> <!-- tearSetup -->
        <test-method signature="f()[pri:0, instance:search.SearchTest@55740540]" started-at="2024-05-26T17:47:26 IST" name="f" finished-at="2024-05-26T17:47:33 IST" duration-ms="6488" status="PASS">
          <reporter-output>
          </reporter-output>
        </test-method> <!-- f -->
        <test-method is-config="true" signature="tearDown()[pri:0, instance:search.SearchTest@55740540]" started-at="2024-05-26T17:47:33 IST" name="tearDown" finished-at="2024-05-26T17:47:33 IST" duration-ms="360" status="PASS">
          <reporter-output>
          </reporter-output>
        </test-method> <!-- tearDown -->
      </class> <!-- search.SearchTest -->
    </test> <!-- Test -->
  </suite> <!-- Suite -->
</testng-results>
