<?xml version="1.0" encoding="UTF-8"?>
<!-- Generated by org.testng.reporters.JUnitXMLReporter -->
<testsuite ignored="0" hostname="LAPTOP-MB7DGVQG" failures="0" tests="5" name="Test" time="17.087" errors="0" timestamp="2024-05-26T18:45:42 IST">
  <testcase classname="home.home" name="f" time="2.93"/>
  <testcase classname="home.home" name="readExcelData1" time="0.712"/>
  <testcase classname="home.home" name="readPropertiesData" time="0.001"/>
  <testcase classname="home.home" name="revertTest" time="2.087"/>
  <testcase classname="search.SearchTest" name="f" time="6.645"/>
</testsuite> <!-- Test -->
